[app] 2022/08/20 21:40:52 INFO [Server initializing]
[app] 2022/08/20 21:40:52 INFO [Loading properties by env dev]
[app] 2022/08/20 21:40:52 INFO [Properties loaded with successful]
[app] 2022/08/20 21:40:52 INFO [Mariadb connected with version: 10.4.13-MariaDB-1:10.4.13+maria~bionic]
[app] 2022/08/20 21:40:52 INFO [Server is ready to handle requests at port 8010]
[app] 2022/08/20 21:41:10 INFO [tracing][c6cdacca-d6cd-4af9-91f5-84fc5cc83da8][GET][/v1/fairies?fair_code=1000-1][200][808.346µs]
[app] 2022/08/20 21:41:22 INFO [Mariadb session it's alive]
[app] 2022/08/20 21:41:27 INFO [tracing][9013ee6f-ef09-4d47-bdbc-d7aa7d52ba31][GET][/v1/fairies?fair_code=1000-1][200][706.152µs]
[app] 2022/08/20 21:41:52 INFO [Mariadb session it's alive]
[app] 2022/08/20 21:42:22 INFO [Mariadb session it's alive]
[app] 2022/08/20 21:42:52 INFO [Mariadb session it's alive]
[app] 2022/08/20 21:43:22 INFO [Mariadb session it's alive]
[app] 2022/08/20 21:43:52 INFO [Mariadb session it's alive]
[app] 2022/08/20 21:44:22 INFO [Mariadb session it's alive]
[app] 2022/08/20 21:44:52 INFO [Mariadb session it's alive]
[app] 2022/08/20 21:45:22 INFO [Mariadb session it's alive]
[app] 2022/08/20 21:45:44 INFO [tracing][5ef7355a-5a02-4048-960f-b80cd14ef778][GET][/v1/fairies/search?fair_name=JARAGUA][200][783.622µs]
[app] 2022/08/20 21:45:52 INFO [Mariadb session it's alive]
[app] 2022/08/20 21:46:22 INFO [Mariadb session it's alive]
[app] 2022/08/20 21:46:31 INFO [tracing][ea71e55d-8273-46d9-9437-5d8eea9ea035][GET][/v1/fairies/search?fair_name=JARAGUA][200][418.403µs]
[app] 2022/08/20 21:46:41 INFO [tracing][1614a465-cf01-48cd-b6cf-0a4a9c1585d0][GET][/v1/fairies/search?fair_name=JARAGUA][200][459.569µs]
[app] 2022/08/20 21:46:52 INFO [Mariadb session it's alive]
[app] 2022/08/20 21:47:23 INFO [Mariadb session it's alive]
[app] 2022/08/20 21:47:45 INFO [Server shutting down]
[app] 2022/08/20 21:47:45 INFO [Server shutdown complete]
[app] 2022/08/20 21:47:45 INFO [Mariadb session closed]
